2026-05-08 19:00:47.806 WARNING streamlit.runtime.scriptrunner_utils.script_run_context: Thread 'MainThread': missing ScriptRunContext! This warning can be ignored when running in bare mode.
2026-05-08 19:00:47.808 WARNING streamlit.runtime.scriptrunner_utils.script_run_context: Thread 'MainThread': missing ScriptRunContext! This warning can be ignored when running in bare mode.
2026-05-08 19:00:47.821 
  [33m[1mWarning:[0m to view this Streamlit app on a browser, run it with the following
  command:

    streamlit run chat_app.py [ARGUMENTS]
2026-05-08 19:00:47.821 Thread 'MainThread': missing ScriptRunContext! This warning can be ignored when running in bare mode.
2026-05-08 19:00:47.822 Thread 'MainThread': missing ScriptRunContext! This warning can be ignored when running in bare mode.
2026-05-08 19:00:47.822 Thread 'MainThread': missing ScriptRunContext! This warning can be ignored when running in bare mode.
2026-05-08 19:00:47.822 Thread 'MainThread': missing ScriptRunContext! This warning can be ignored when running in bare mode.
2026-05-08 19:00:47.822 Thread 'MainThread': missing ScriptRunContext! This warning can be ignored when running in bare mode.
2026-05-08 19:00:47.823 Thread 'MainThread': missing ScriptRunContext! This warning can be ignored when running in bare mode.
2026-05-08 19:00:48.325 Thread 'Thread-1': missing ScriptRunContext! This warning can be ignored when running in bare mode.
2026-05-08 19:00:48.327 Thread 'Thread-1': missing ScriptRunContext! This warning can be ignored when running in bare mode.
2026-05-08 19:00:48.329 Thread 'Thread-1': missing ScriptRunContext! This warning can be ignored when running in bare mode.
2026-05-08 19:00:48.410 Thread 'MainThread': missing ScriptRunContext! This warning can be ignored when running in bare mode.
2026-05-08 19:00:48.410 Thread 'MainThread': missing ScriptRunContext! This warning can be ignored when running in bare mode.
2026-05-08 19:00:48.410 Thread 'MainThread': missing ScriptRunContext! This warning can be ignored when running in bare mode.
2026-05-08 19:00:48.411 Thread 'MainThread': missing ScriptRunContext! This warning can be ignored when running in bare mode.
2026-05-08 19:00:48.411 Session state does not function when running a script without `streamlit run`
2026-05-08 19:00:48.411 Thread 'MainThread': missing ScriptRunContext! This warning can be ignored when running in bare mode.
2026-05-08 19:00:48.411 Thread 'MainThread': missing ScriptRunContext! This warning can be ignored when running in bare mode.
2026-05-08 19:00:48.411 Thread 'MainThread': missing ScriptRunContext! This warning can be ignored when running in bare mode.
2026-05-08 19:00:48.412 Thread 'MainThread': missing ScriptRunContext! This warning can be ignored when running in bare mode.
2026-05-08 19:00:48.412 Thread 'MainThread': missing ScriptRunContext! This warning can be ignored when running in bare mode.
2026-05-08 19:00:48.412 Thread 'MainThread': missing ScriptRunContext! This warning can be ignored when running in bare mode.
2026-05-08 19:00:48.412 Thread 'MainThread': missing ScriptRunContext! This warning can be ignored when running in bare mode.
2026-05-08 19:00:48.412 Thread 'MainThread': missing ScriptRunContext! This warning can be ignored when running in bare mode.
2026-05-08 19:00:48.412 Thread 'MainThread': missing ScriptRunContext! This warning can be ignored when running in bare mode.
2026-05-08 19:00:48.413 Thread 'MainThread': missing ScriptRunContext! This warning can be ignored when running in bare mode.
2026-05-08 19:00:48.413 Thread 'MainThread': missing ScriptRunContext! This warning can be ignored when running in bare mode.
2026-05-08 19:00:48.413 Thread 'MainThread': missing ScriptRunContext! This warning can be ignored when running in bare mode.
2026-05-08 19:00:48.413 Thread 'MainThread': missing ScriptRunContext! This warning can be ignored when running in bare mode.
2026-05-08 19:00:48.414 Thread 'MainThread': missing ScriptRunContext! This warning can be ignored when running in bare mode.
2026-05-08 19:00:48.414 Thread 'MainThread': missing ScriptRunContext! This warning can be ignored when running in bare mode.
2026-05-08 19:00:48.414 Thread 'MainThread': missing ScriptRunContext! This warning can be ignored when running in bare mode.
2026-05-08 19:00:48.414 Thread 'MainThread': missing ScriptRunContext! This warning can be ignored when running in bare mode.
2026-05-08 19:00:48.414 Thread 'MainThread': missing ScriptRunContext! This warning can be ignored when running in bare mode.
2026-05-08 19:00:48.415 Thread 'MainThread': missing ScriptRunContext! This warning can be ignored when running in bare mode.
2026-05-08 19:00:48.415 Thread 'MainThread': missing ScriptRunContext! This warning can be ignored when running in bare mode.
2026-05-08 19:00:48.415 Thread 'MainThread': missing ScriptRunContext! This warning can be ignored when running in bare mode.
2026-05-08 19:00:48.415 Thread 'MainThread': missing ScriptRunContext! This warning can be ignored when running in bare mode.
2026-05-08 19:00:48.415 Thread 'MainThread': missing ScriptRunContext! This warning can be ignored when running in bare mode.
2026-05-08 19:00:48.416 Thread 'MainThread': missing ScriptRunContext! This warning can be ignored when running in bare mode.
2026-05-08 19:00:48.416 Thread 'MainThread': missing ScriptRunContext! This warning can be ignored when running in bare mode.
2026-05-08 19:00:48.416 Thread 'MainThread': missing ScriptRunContext! This warning can be ignored when running in bare mode.
2026-05-08 19:00:48.416 Thread 'MainThread': missing ScriptRunContext! This warning can be ignored when running in bare mode.
2026-05-08 19:00:48.416 Thread 'MainThread': missing ScriptRunContext! This warning can be ignored when running in bare mode.
2026-05-08 19:00:48.416 Thread 'MainThread': missing ScriptRunContext! This warning can be ignored when running in bare mode.
2026-05-08 19:00:48.416 Thread 'MainThread': missing ScriptRunContext! This warning can be ignored when running in bare mode.
2026-05-08 19:00:48.417 Thread 'MainThread': missing ScriptRunContext! This warning can be ignored when running in bare mode.
2026-05-08 19:00:48.417 Thread 'MainThread': missing ScriptRunContext! This warning can be ignored when running in bare mode.
2026-05-08 19:00:48.417 Thread 'MainThread': missing ScriptRunContext! This warning can be ignored when running in bare mode.
2026-05-08 19:00:48.417 Thread 'MainThread': missing ScriptRunContext! This warning can be ignored when running in bare mode.
2026-05-08 19:00:48.417 Thread 'MainThread': missing ScriptRunContext! This warning can be ignored when running in bare mode.
2026-05-08 19:00:48.417 Thread 'MainThread': missing ScriptRunContext! This warning can be ignored when running in bare mode.
2026-05-08 19:00:48.417 Thread 'MainThread': missing ScriptRunContext! This warning can be ignored when running in bare mode.
2026-05-08 19:00:48.418 Thread 'MainThread': missing ScriptRunContext! This warning can be ignored when running in bare mode.
2026-05-08 19:00:48.418 Thread 'MainThread': missing ScriptRunContext! This warning can be ignored when running in bare mode.
2026-05-08 19:00:48.418 Thread 'MainThread': missing ScriptRunContext! This warning can be ignored when running in bare mode.
2026-05-08 19:00:48.418 Thread 'MainThread': missing ScriptRunContext! This warning can be ignored when running in bare mode.
2026-05-08 19:00:48.418 Thread 'MainThread': missing ScriptRunContext! This warning can be ignored when running in bare mode.
2026-05-08 19:00:48.418 Thread 'MainThread': missing ScriptRunContext! This warning can be ignored when running in bare mode.
2026-05-08 19:00:48.418 Thread 'MainThread': missing ScriptRunContext! This warning can be ignored when running in bare mode.
2026-05-08 19:00:48.418 Thread 'MainThread': missing ScriptRunContext! This warning can be ignored when running in bare mode.

Collecting usage statistics. To deactivate, set browser.gatherUsageStats to false.


  You can now view your Streamlit app in your browser.

  URL: http://0.0.0.0:8501

